running egg_info
creating ../../build/tpf_part0/tpf_part0.egg-info
writing ../../build/tpf_part0/tpf_part0.egg-info/PKG-INFO
writing dependency_links to ../../build/tpf_part0/tpf_part0.egg-info/dependency_links.txt
writing entry points to ../../build/tpf_part0/tpf_part0.egg-info/entry_points.txt
writing requirements to ../../build/tpf_part0/tpf_part0.egg-info/requires.txt
writing top-level names to ../../build/tpf_part0/tpf_part0.egg-info/top_level.txt
writing manifest file '../../build/tpf_part0/tpf_part0.egg-info/SOURCES.txt'
reading manifest file '../../build/tpf_part0/tpf_part0.egg-info/SOURCES.txt'
writing manifest file '../../build/tpf_part0/tpf_part0.egg-info/SOURCES.txt'
running build
running build_py
creating /home/alumno1/Documents/TP0-PRA-LopezVilaclara/ros2_ws/build/tpf_part0/build
creating /home/alumno1/Documents/TP0-PRA-LopezVilaclara/ros2_ws/build/tpf_part0/build/lib
creating /home/alumno1/Documents/TP0-PRA-LopezVilaclara/ros2_ws/build/tpf_part0/build/lib/tpf_part0
copying tpf_part0/p0_node.py -> /home/alumno1/Documents/TP0-PRA-LopezVilaclara/ros2_ws/build/tpf_part0/build/lib/tpf_part0
copying tpf_part0/__init__.py -> /home/alumno1/Documents/TP0-PRA-LopezVilaclara/ros2_ws/build/tpf_part0/build/lib/tpf_part0
running install
running install_lib
creating /home/alumno1/Documents/TP0-PRA-LopezVilaclara/ros2_ws/install/tpf_part0/lib/python3.10/site-packages/tpf_part0
copying /home/alumno1/Documents/TP0-PRA-LopezVilaclara/ros2_ws/build/tpf_part0/build/lib/tpf_part0/p0_node.py -> /home/alumno1/Documents/TP0-PRA-LopezVilaclara/ros2_ws/install/tpf_part0/lib/python3.10/site-packages/tpf_part0
copying /home/alumno1/Documents/TP0-PRA-LopezVilaclara/ros2_ws/build/tpf_part0/build/lib/tpf_part0/__init__.py -> /home/alumno1/Documents/TP0-PRA-LopezVilaclara/ros2_ws/install/tpf_part0/lib/python3.10/site-packages/tpf_part0
byte-compiling /home/alumno1/Documents/TP0-PRA-LopezVilaclara/ros2_ws/install/tpf_part0/lib/python3.10/site-packages/tpf_part0/p0_node.py to p0_node.cpython-310.pyc
byte-compiling /home/alumno1/Documents/TP0-PRA-LopezVilaclara/ros2_ws/install/tpf_part0/lib/python3.10/site-packages/tpf_part0/__init__.py to __init__.cpython-310.pyc
running install_data
creating /home/alumno1/Documents/TP0-PRA-LopezVilaclara/ros2_ws/install/tpf_part0/share/ament_index
creating /home/alumno1/Documents/TP0-PRA-LopezVilaclara/ros2_ws/install/tpf_part0/share/ament_index/resource_index
creating /home/alumno1/Documents/TP0-PRA-LopezVilaclara/ros2_ws/install/tpf_part0/share/ament_index/resource_index/packages
copying resource/tpf_part0 -> /home/alumno1/Documents/TP0-PRA-LopezVilaclara/ros2_ws/install/tpf_part0/share/ament_index/resource_index/packages
copying package.xml -> /home/alumno1/Documents/TP0-PRA-LopezVilaclara/ros2_ws/install/tpf_part0/share/tpf_part0
running install_egg_info
Copying ../../build/tpf_part0/tpf_part0.egg-info to /home/alumno1/Documents/TP0-PRA-LopezVilaclara/ros2_ws/install/tpf_part0/lib/python3.10/site-packages/tpf_part0-0.0.0-py3.10.egg-info
running install_scripts
writing list of installed files to '/home/alumno1/Documents/TP0-PRA-LopezVilaclara/ros2_ws/build/tpf_part0/install.log'
