running egg_info
writing ../../build/tpf_part0/tpf_part0.egg-info/PKG-INFO
writing dependency_links to ../../build/tpf_part0/tpf_part0.egg-info/dependency_links.txt
writing entry points to ../../build/tpf_part0/tpf_part0.egg-info/entry_points.txt
writing requirements to ../../build/tpf_part0/tpf_part0.egg-info/requires.txt
writing top-level names to ../../build/tpf_part0/tpf_part0.egg-info/top_level.txt
reading manifest file '../../build/tpf_part0/tpf_part0.egg-info/SOURCES.txt'
writing manifest file '../../build/tpf_part0/tpf_part0.egg-info/SOURCES.txt'
running build
running build_py
copying tpf_part0/p0_node.py -> /home/alumno1/Documents/TP0-PRA-LopezVilaclara/ros2_ws/build/tpf_part0/build/lib/tpf_part0
running install
running install_lib
copying /home/alumno1/Documents/TP0-PRA-LopezVilaclara/ros2_ws/build/tpf_part0/build/lib/tpf_part0/p0_node.py -> /home/alumno1/Documents/TP0-PRA-LopezVilaclara/ros2_ws/install/tpf_part0/lib/python3.10/site-packages/tpf_part0
byte-compiling /home/alumno1/Documents/TP0-PRA-LopezVilaclara/ros2_ws/install/tpf_part0/lib/python3.10/site-packages/tpf_part0/p0_node.py to p0_node.cpython-310.pyc
running install_data
running install_egg_info
removing '/home/alumno1/Documents/TP0-PRA-LopezVilaclara/ros2_ws/install/tpf_part0/lib/python3.10/site-packages/tpf_part0-0.0.0-py3.10.egg-info' (and everything under it)
Copying ../../build/tpf_part0/tpf_part0.egg-info to /home/alumno1/Documents/TP0-PRA-LopezVilaclara/ros2_ws/install/tpf_part0/lib/python3.10/site-packages/tpf_part0-0.0.0-py3.10.egg-info
running install_scripts
Installing part0_node script to /home/alumno1/Documents/TP0-PRA-LopezVilaclara/ros2_ws/install/tpf_part0/lib/tpf_part0
writing list of installed files to '/home/alumno1/Documents/TP0-PRA-LopezVilaclara/ros2_ws/build/tpf_part0/install.log'
