[0.274s] Invoking command in '/home/alumno1/Documents/TP0-PRA-LopezVilaclara/ros2_ws/src/tpf_part0': PYTHONPATH=/home/alumno1/Documents/TP0-PRA-LopezVilaclara/ros2_ws/build/tpf_part0/prefix_override:/usr/lib/python3/dist-packages/colcon_core/task/python/colcon_distutils_commands:/home/alumno1/Documents/TP0-PRA-LopezVilaclara/ros2_ws/install/tpf_part0/lib/python3.10/site-packages:${PYTHONPATH} /usr/bin/python3 -W ignore:setup.py install is deprecated -W ignore:easy_install command is deprecated setup.py egg_info --egg-base ../../build/tpf_part0 build --build-base /home/alumno1/Documents/TP0-PRA-LopezVilaclara/ros2_ws/build/tpf_part0/build install --record /home/alumno1/Documents/TP0-PRA-LopezVilaclara/ros2_ws/build/tpf_part0/install.log --single-version-externally-managed install_data
[0.373s] running egg_info
[0.373s] writing ../../build/tpf_part0/tpf_part0.egg-info/PKG-INFO
[0.373s] writing dependency_links to ../../build/tpf_part0/tpf_part0.egg-info/dependency_links.txt
[0.373s] writing entry points to ../../build/tpf_part0/tpf_part0.egg-info/entry_points.txt
[0.373s] writing requirements to ../../build/tpf_part0/tpf_part0.egg-info/requires.txt
[0.373s] writing top-level names to ../../build/tpf_part0/tpf_part0.egg-info/top_level.txt
[0.374s] reading manifest file '../../build/tpf_part0/tpf_part0.egg-info/SOURCES.txt'
[0.374s] writing manifest file '../../build/tpf_part0/tpf_part0.egg-info/SOURCES.txt'
[0.374s] running build
[0.374s] running build_py
[0.374s] copying tpf_part0/p0_node.py -> /home/alumno1/Documents/TP0-PRA-LopezVilaclara/ros2_ws/build/tpf_part0/build/lib/tpf_part0
[0.374s] running install
[0.375s] running install_lib
[0.375s] copying /home/alumno1/Documents/TP0-PRA-LopezVilaclara/ros2_ws/build/tpf_part0/build/lib/tpf_part0/p0_node.py -> /home/alumno1/Documents/TP0-PRA-LopezVilaclara/ros2_ws/install/tpf_part0/lib/python3.10/site-packages/tpf_part0
[0.375s] byte-compiling /home/alumno1/Documents/TP0-PRA-LopezVilaclara/ros2_ws/install/tpf_part0/lib/python3.10/site-packages/tpf_part0/p0_node.py to p0_node.cpython-310.pyc
[0.375s] running install_data
[0.376s] running install_egg_info
[0.376s] removing '/home/alumno1/Documents/TP0-PRA-LopezVilaclara/ros2_ws/install/tpf_part0/lib/python3.10/site-packages/tpf_part0-0.0.0-py3.10.egg-info' (and everything under it)
[0.376s] Copying ../../build/tpf_part0/tpf_part0.egg-info to /home/alumno1/Documents/TP0-PRA-LopezVilaclara/ros2_ws/install/tpf_part0/lib/python3.10/site-packages/tpf_part0-0.0.0-py3.10.egg-info
[0.377s] running install_scripts
[0.385s] Installing part0_node script to /home/alumno1/Documents/TP0-PRA-LopezVilaclara/ros2_ws/install/tpf_part0/lib/tpf_part0
[0.386s] writing list of installed files to '/home/alumno1/Documents/TP0-PRA-LopezVilaclara/ros2_ws/build/tpf_part0/install.log'
[0.394s] Invoked command in '/home/alumno1/Documents/TP0-PRA-LopezVilaclara/ros2_ws/src/tpf_part0' returned '0': PYTHONPATH=/home/alumno1/Documents/TP0-PRA-LopezVilaclara/ros2_ws/build/tpf_part0/prefix_override:/usr/lib/python3/dist-packages/colcon_core/task/python/colcon_distutils_commands:/home/alumno1/Documents/TP0-PRA-LopezVilaclara/ros2_ws/install/tpf_part0/lib/python3.10/site-packages:${PYTHONPATH} /usr/bin/python3 -W ignore:setup.py install is deprecated -W ignore:easy_install command is deprecated setup.py egg_info --egg-base ../../build/tpf_part0 build --build-base /home/alumno1/Documents/TP0-PRA-LopezVilaclara/ros2_ws/build/tpf_part0/build install --record /home/alumno1/Documents/TP0-PRA-LopezVilaclara/ros2_ws/build/tpf_part0/install.log --single-version-externally-managed install_data
