[0.355s] Invoking command in '/home/alumno1/Documents/TP0-PRA-LopezVilaclara/ros2_ws/src/tpf_part0': PYTHONPATH=/home/alumno1/Documents/TP0-PRA-LopezVilaclara/ros2_ws/build/tpf_part0/prefix_override:/usr/lib/python3/dist-packages/colcon_core/task/python/colcon_distutils_commands:/home/alumno1/Documents/TP0-PRA-LopezVilaclara/ros2_ws/install/tpf_part0/lib/python3.10/site-packages:${PYTHONPATH} /usr/bin/python3 -W ignore:setup.py install is deprecated -W ignore:easy_install command is deprecated setup.py egg_info --egg-base ../../build/tpf_part0 build --build-base /home/alumno1/Documents/TP0-PRA-LopezVilaclara/ros2_ws/build/tpf_part0/build install --record /home/alumno1/Documents/TP0-PRA-LopezVilaclara/ros2_ws/build/tpf_part0/install.log --single-version-externally-managed install_data
[0.492s] running egg_info
[0.492s] writing ../../build/tpf_part0/tpf_part0.egg-info/PKG-INFO
[0.492s] writing dependency_links to ../../build/tpf_part0/tpf_part0.egg-info/dependency_links.txt
[0.493s] writing entry points to ../../build/tpf_part0/tpf_part0.egg-info/entry_points.txt
[0.493s] writing requirements to ../../build/tpf_part0/tpf_part0.egg-info/requires.txt
[0.493s] writing top-level names to ../../build/tpf_part0/tpf_part0.egg-info/top_level.txt
[0.493s] reading manifest file '../../build/tpf_part0/tpf_part0.egg-info/SOURCES.txt'
[0.494s] writing manifest file '../../build/tpf_part0/tpf_part0.egg-info/SOURCES.txt'
[0.494s] running build
[0.494s] running build_py
[0.494s] running install
[0.494s] running install_lib
[0.495s] running install_data
[0.495s] running install_egg_info
[0.495s] removing '/home/alumno1/Documents/TP0-PRA-LopezVilaclara/ros2_ws/install/tpf_part0/lib/python3.10/site-packages/tpf_part0-0.0.0-py3.10.egg-info' (and everything under it)
[0.496s] Copying ../../build/tpf_part0/tpf_part0.egg-info to /home/alumno1/Documents/TP0-PRA-LopezVilaclara/ros2_ws/install/tpf_part0/lib/python3.10/site-packages/tpf_part0-0.0.0-py3.10.egg-info
[0.496s] running install_scripts
[0.509s] Installing p0_node script to /home/alumno1/Documents/TP0-PRA-LopezVilaclara/ros2_ws/install/tpf_part0/lib/tpf_part0
[0.509s] writing list of installed files to '/home/alumno1/Documents/TP0-PRA-LopezVilaclara/ros2_ws/build/tpf_part0/install.log'
[0.523s] Invoked command in '/home/alumno1/Documents/TP0-PRA-LopezVilaclara/ros2_ws/src/tpf_part0' returned '0': PYTHONPATH=/home/alumno1/Documents/TP0-PRA-LopezVilaclara/ros2_ws/build/tpf_part0/prefix_override:/usr/lib/python3/dist-packages/colcon_core/task/python/colcon_distutils_commands:/home/alumno1/Documents/TP0-PRA-LopezVilaclara/ros2_ws/install/tpf_part0/lib/python3.10/site-packages:${PYTHONPATH} /usr/bin/python3 -W ignore:setup.py install is deprecated -W ignore:easy_install command is deprecated setup.py egg_info --egg-base ../../build/tpf_part0 build --build-base /home/alumno1/Documents/TP0-PRA-LopezVilaclara/ros2_ws/build/tpf_part0/build install --record /home/alumno1/Documents/TP0-PRA-LopezVilaclara/ros2_ws/build/tpf_part0/install.log --single-version-externally-managed install_data
