[0.121s] Invoking command in '/home/alumno1/Documents/TP0-PRA-LopezVilaclara/ros2_ws/build/turtlebot3_custom_simulation': CMAKE_PREFIX_PATH=${CMAKE_PREFIX_PATH}:/home/alumno1/Documents/TP0-PRA-LopezVilaclara/ros2_ws/install/tpf_part0:/home/alumno1/turtlebot3_ws/install/turtlebot3_teleop:/home/alumno1/turtlebot3_ws/install/turtlebot3_example:/opt/ros/humble /usr/bin/cmake --build /home/alumno1/Documents/TP0-PRA-LopezVilaclara/ros2_ws/build/turtlebot3_custom_simulation -- -j28 -l28
[0.145s] [35m[1mConsolidate compiler generated dependencies of target turtlebot3_custom_simulation[0m
[0.155s] [100%] Built target turtlebot3_custom_simulation
[0.161s] Invoked command in '/home/alumno1/Documents/TP0-PRA-LopezVilaclara/ros2_ws/build/turtlebot3_custom_simulation' returned '0': CMAKE_PREFIX_PATH=${CMAKE_PREFIX_PATH}:/home/alumno1/Documents/TP0-PRA-LopezVilaclara/ros2_ws/install/tpf_part0:/home/alumno1/turtlebot3_ws/install/turtlebot3_teleop:/home/alumno1/turtlebot3_ws/install/turtlebot3_example:/opt/ros/humble /usr/bin/cmake --build /home/alumno1/Documents/TP0-PRA-LopezVilaclara/ros2_ws/build/turtlebot3_custom_simulation -- -j28 -l28
[0.166s] Invoking command in '/home/alumno1/Documents/TP0-PRA-LopezVilaclara/ros2_ws/build/turtlebot3_custom_simulation': CMAKE_PREFIX_PATH=${CMAKE_PREFIX_PATH}:/home/alumno1/Documents/TP0-PRA-LopezVilaclara/ros2_ws/install/tpf_part0:/home/alumno1/turtlebot3_ws/install/turtlebot3_teleop:/home/alumno1/turtlebot3_ws/install/turtlebot3_example:/opt/ros/humble /usr/bin/cmake --install /home/alumno1/Documents/TP0-PRA-LopezVilaclara/ros2_ws/build/turtlebot3_custom_simulation
[0.169s] -- Install configuration: ""
[0.169s] -- Up-to-date: /home/alumno1/Documents/TP0-PRA-LopezVilaclara/ros2_ws/install/turtlebot3_custom_simulation/lib/turtlebot3_custom_simulation/turtlebot3_custom_simulation
[0.169s] -- Up-to-date: /home/alumno1/Documents/TP0-PRA-LopezVilaclara/ros2_ws/install/turtlebot3_custom_simulation/share/turtlebot3_custom_simulation/launch
[0.170s] -- Up-to-date: /home/alumno1/Documents/TP0-PRA-LopezVilaclara/ros2_ws/install/turtlebot3_custom_simulation/share/turtlebot3_custom_simulation/launch/custom_simulation.launch.py
[0.170s] -- Up-to-date: /home/alumno1/Documents/TP0-PRA-LopezVilaclara/ros2_ws/install/turtlebot3_custom_simulation/share/turtlebot3_custom_simulation/launch/custom_room.launch.py
[0.170s] -- Up-to-date: /home/alumno1/Documents/TP0-PRA-LopezVilaclara/ros2_ws/install/turtlebot3_custom_simulation/share/turtlebot3_custom_simulation/param
[0.170s] -- Up-to-date: /home/alumno1/Documents/TP0-PRA-LopezVilaclara/ros2_ws/install/turtlebot3_custom_simulation/share/turtlebot3_custom_simulation/param/burger.yaml
[0.170s] -- Up-to-date: /home/alumno1/Documents/TP0-PRA-LopezVilaclara/ros2_ws/install/turtlebot3_custom_simulation/share/turtlebot3_custom_simulation/worlds
[0.170s] -- Up-to-date: /home/alumno1/Documents/TP0-PRA-LopezVilaclara/ros2_ws/install/turtlebot3_custom_simulation/share/turtlebot3_custom_simulation/worlds/map
[0.170s] -- Up-to-date: /home/alumno1/Documents/TP0-PRA-LopezVilaclara/ros2_ws/install/turtlebot3_custom_simulation/share/turtlebot3_custom_simulation/worlds/map/map.pgm
[0.170s] -- Up-to-date: /home/alumno1/Documents/TP0-PRA-LopezVilaclara/ros2_ws/install/turtlebot3_custom_simulation/share/turtlebot3_custom_simulation/worlds/map/map.yaml
[0.170s] -- Up-to-date: /home/alumno1/Documents/TP0-PRA-LopezVilaclara/ros2_ws/install/turtlebot3_custom_simulation/share/turtlebot3_custom_simulation/worlds/Walls
[0.170s] -- Up-to-date: /home/alumno1/Documents/TP0-PRA-LopezVilaclara/ros2_ws/install/turtlebot3_custom_simulation/share/turtlebot3_custom_simulation/worlds/Walls/model.config
[0.170s] -- Up-to-date: /home/alumno1/Documents/TP0-PRA-LopezVilaclara/ros2_ws/install/turtlebot3_custom_simulation/share/turtlebot3_custom_simulation/worlds/Walls/model.sdf
[0.170s] -- Up-to-date: /home/alumno1/Documents/TP0-PRA-LopezVilaclara/ros2_ws/install/turtlebot3_custom_simulation/share/turtlebot3_custom_simulation/worlds/room.world
[0.170s] -- Up-to-date: /home/alumno1/Documents/TP0-PRA-LopezVilaclara/ros2_ws/install/turtlebot3_custom_simulation/share/turtlebot3_custom_simulation/worlds/slippery.world
[0.170s] -- Up-to-date: /home/alumno1/Documents/TP0-PRA-LopezVilaclara/ros2_ws/install/turtlebot3_custom_simulation/include/
[0.170s] -- Up-to-date: /home/alumno1/Documents/TP0-PRA-LopezVilaclara/ros2_ws/install/turtlebot3_custom_simulation/include//turtlebot3_custom_simulation
[0.170s] -- Up-to-date: /home/alumno1/Documents/TP0-PRA-LopezVilaclara/ros2_ws/install/turtlebot3_custom_simulation/include//turtlebot3_custom_simulation/turtlebot3_custom_simulation.hpp
[0.170s] -- Up-to-date: /home/alumno1/Documents/TP0-PRA-LopezVilaclara/ros2_ws/install/turtlebot3_custom_simulation/share/ament_index/resource_index/package_run_dependencies/turtlebot3_custom_simulation
[0.170s] -- Up-to-date: /home/alumno1/Documents/TP0-PRA-LopezVilaclara/ros2_ws/install/turtlebot3_custom_simulation/share/ament_index/resource_index/parent_prefix_path/turtlebot3_custom_simulation
[0.170s] -- Up-to-date: /home/alumno1/Documents/TP0-PRA-LopezVilaclara/ros2_ws/install/turtlebot3_custom_simulation/share/turtlebot3_custom_simulation/environment/ament_prefix_path.sh
[0.170s] -- Up-to-date: /home/alumno1/Documents/TP0-PRA-LopezVilaclara/ros2_ws/install/turtlebot3_custom_simulation/share/turtlebot3_custom_simulation/environment/ament_prefix_path.dsv
[0.170s] -- Up-to-date: /home/alumno1/Documents/TP0-PRA-LopezVilaclara/ros2_ws/install/turtlebot3_custom_simulation/share/turtlebot3_custom_simulation/environment/path.sh
[0.170s] -- Up-to-date: /home/alumno1/Documents/TP0-PRA-LopezVilaclara/ros2_ws/install/turtlebot3_custom_simulation/share/turtlebot3_custom_simulation/environment/path.dsv
[0.170s] -- Up-to-date: /home/alumno1/Documents/TP0-PRA-LopezVilaclara/ros2_ws/install/turtlebot3_custom_simulation/share/turtlebot3_custom_simulation/local_setup.bash
[0.170s] -- Up-to-date: /home/alumno1/Documents/TP0-PRA-LopezVilaclara/ros2_ws/install/turtlebot3_custom_simulation/share/turtlebot3_custom_simulation/local_setup.sh
[0.170s] -- Up-to-date: /home/alumno1/Documents/TP0-PRA-LopezVilaclara/ros2_ws/install/turtlebot3_custom_simulation/share/turtlebot3_custom_simulation/local_setup.zsh
[0.170s] -- Up-to-date: /home/alumno1/Documents/TP0-PRA-LopezVilaclara/ros2_ws/install/turtlebot3_custom_simulation/share/turtlebot3_custom_simulation/local_setup.dsv
[0.170s] -- Installing: /home/alumno1/Documents/TP0-PRA-LopezVilaclara/ros2_ws/install/turtlebot3_custom_simulation/share/turtlebot3_custom_simulation/package.dsv
[0.170s] -- Up-to-date: /home/alumno1/Documents/TP0-PRA-LopezVilaclara/ros2_ws/install/turtlebot3_custom_simulation/share/ament_index/resource_index/packages/turtlebot3_custom_simulation
[0.170s] -- Up-to-date: /home/alumno1/Documents/TP0-PRA-LopezVilaclara/ros2_ws/install/turtlebot3_custom_simulation/share/turtlebot3_custom_simulation/cmake/ament_cmake_export_include_directories-extras.cmake
[0.170s] -- Up-to-date: /home/alumno1/Documents/TP0-PRA-LopezVilaclara/ros2_ws/install/turtlebot3_custom_simulation/share/turtlebot3_custom_simulation/cmake/ament_cmake_export_dependencies-extras.cmake
[0.170s] -- Up-to-date: /home/alumno1/Documents/TP0-PRA-LopezVilaclara/ros2_ws/install/turtlebot3_custom_simulation/share/turtlebot3_custom_simulation/cmake/turtlebot3_custom_simulationConfig.cmake
[0.170s] -- Up-to-date: /home/alumno1/Documents/TP0-PRA-LopezVilaclara/ros2_ws/install/turtlebot3_custom_simulation/share/turtlebot3_custom_simulation/cmake/turtlebot3_custom_simulationConfig-version.cmake
[0.170s] -- Up-to-date: /home/alumno1/Documents/TP0-PRA-LopezVilaclara/ros2_ws/install/turtlebot3_custom_simulation/share/turtlebot3_custom_simulation/package.xml
[0.171s] Invoked command in '/home/alumno1/Documents/TP0-PRA-LopezVilaclara/ros2_ws/build/turtlebot3_custom_simulation' returned '0': CMAKE_PREFIX_PATH=${CMAKE_PREFIX_PATH}:/home/alumno1/Documents/TP0-PRA-LopezVilaclara/ros2_ws/install/tpf_part0:/home/alumno1/turtlebot3_ws/install/turtlebot3_teleop:/home/alumno1/turtlebot3_ws/install/turtlebot3_example:/opt/ros/humble /usr/bin/cmake --install /home/alumno1/Documents/TP0-PRA-LopezVilaclara/ros2_ws/build/turtlebot3_custom_simulation
